<?xml version="1.0" encoding="UTF-8"?>
<testng-results skipped="1" failed="0" total="1" passed="0">
  <reporter-output>
  </reporter-output>
  <suite name="Default suite" duration-ms="34" started-at="2015-05-20T07:45:55Z" finished-at="2015-05-20T07:45:55Z">
    <groups>
    </groups>
    <test name="Default test" duration-ms="34" started-at="2015-05-20T07:45:55Z" finished-at="2015-05-20T07:45:55Z">
      <class name="automationFramework.MultiBrowser">
        <test-method status="FAIL" signature="beforeTest(java.lang.String)[pri:0, instance:automationFramework.MultiBrowser@6ea6d14e]" name="beforeTest" is-config="true" duration-ms="0" started-at="2015-05-20T13:15:55Z" finished-at="2015-05-20T13:15:55Z">
          <exception class="org.testng.TestNGException">
            <message>
              <![CDATA[
Parameter 'browser' is required by @Configuration on method beforeTest but has not been marked @Optional or defined
in C:\Users\praveen.chauhan\AppData\Local\Temp\testng-eclipse--655648857\testng-customsuite.xml]]>
            </message>
            <full-stacktrace>
              <![CDATA[org.testng.TestNGException: 
Parameter 'browser' is required by @Configuration on method beforeTest but has not been marked @Optional or defined
in C:\Users\praveen.chauhan\AppData\Local\Temp\testng-eclipse--655648857\testng-customsuite.xml
	at org.testng.internal.Parameters.createParameters(Parameters.java:155)
	at org.testng.internal.Parameters.createParameters(Parameters.java:358)
	at org.testng.internal.Parameters.createConfigurationParameters(Parameters.java:86)
	at org.testng.internal.Invoker.invokeConfigurations(Invoker.java:199)
	at org.testng.internal.Invoker.invokeConfigurations(Invoker.java:138)
	at org.testng.internal.TestMethodWorker.invokeBeforeClassMethods(TestMethodWorker.java:175)
	at org.testng.internal.TestMethodWorker.run(TestMethodWorker.java:107)
	at org.testng.TestRunner.privateRun(TestRunner.java:767)
	at org.testng.TestRunner.run(TestRunner.java:617)
	at org.testng.SuiteRunner.runTest(SuiteRunner.java:334)
	at org.testng.SuiteRunner.runSequentially(SuiteRunner.java:329)
	at org.testng.SuiteRunner.privateRun(SuiteRunner.java:291)
	at org.testng.SuiteRunner.run(SuiteRunner.java:240)
	at org.testng.SuiteRunnerWorker.runSuite(SuiteRunnerWorker.java:52)
	at org.testng.SuiteRunnerWorker.run(SuiteRunnerWorker.java:86)
	at org.testng.TestNG.runSuitesSequentially(TestNG.java:1224)
	at org.testng.TestNG.runSuitesLocally(TestNG.java:1149)
	at org.testng.TestNG.run(TestNG.java:1057)
	at org.testng.remote.RemoteTestNG.run(RemoteTestNG.java:111)
	at org.testng.remote.RemoteTestNG.initAndRun(RemoteTestNG.java:204)
	at org.testng.remote.RemoteTestNG.main(RemoteTestNG.java:175)
]]>
            </full-stacktrace>
          </exception> <!-- org.testng.TestNGException -->
          <reporter-output>
          </reporter-output>
        </test-method> <!-- beforeTest -->
        <test-method status="SKIP" signature="login()[pri:0, instance:automationFramework.MultiBrowser@6ea6d14e]" name="login" duration-ms="6" started-at="2015-05-20T13:15:55Z" finished-at="2015-05-20T13:15:55Z">
          <reporter-output>
          </reporter-output>
        </test-method> <!-- login -->
        <test-method status="SKIP" signature="afterTest()[pri:0, instance:automationFramework.MultiBrowser@6ea6d14e]" name="afterTest" is-config="true" duration-ms="0" started-at="2015-05-20T13:15:55Z" finished-at="2015-05-20T13:15:55Z">
          <reporter-output>
          </reporter-output>
        </test-method> <!-- afterTest -->
      </class> <!-- automationFramework.MultiBrowser -->
    </test> <!-- Default test -->
  </suite> <!-- Default suite -->
</testng-results>
